build/outputs/logs/manifest-merger-debug-report.txt
-- Merging decision tree log ---
manifest
ADDED from Desktop\yunhuyundong_studiomain3_8_0626\AndroidManifest.xml:2:1-901:12
	package
		ADDED from Desktop\yunhuyundong_studiomain3_8_0626\AndroidManifest.xml:3:5-31
		INJECTED from Desktop\yunhuyundong_studiomain3_8_0626\AndroidManifest.xml
		INJECTED from Desktop\yunhuyundong_studiomain3_8_0626\AndroidManifest.xml
	android:versionName
		ADDED from Desktop\yunhuyundong_studiomain3_8_0626\AndroidManifest.xml:6:5-32
		INJECTED from Desktop\yunhuyundong_studiomain3_8_0626\AndroidManifest.xml
		INJECTED from Desktop\yunhuyundong_studiomain3_8_0626\AndroidManifest.xml
	android:versionCode
		ADDED from Desktop\yunhuyundong_studiomain3_8_0626\AndroidManifest.xml:5:5-29
		INJECTED from Desktop\yunhuyundong_studiomain3_8_0626\AndroidManifest.xml
		INJECTED from Desktop\yunhuyundong_studiomain3_8_0626\AndroidManifest.xml
	xmlns:android
		ADDED from Desktop\yunhuyundong_studiomain3_8_0626\AndroidManifest.xml:2:11-69
	android:installLocation
		ADDED from Desktop\yunhuyundong_studiomain3_8_0626\AndroidManifest.xml:4:5-35
uses-sdk
ADDED from Desktop\yunhuyundong_studiomain3_8_0626\AndroidManifest.xml:8:5-44
MERGED from [com.android.support:multidex:1.0.1] AndroidManifest.xml:18:5-42
MERGED from [yunhuyundong_studiomain3_8_0626:PushSDK:unspecified] AndroidManifest.xml:8:5-10:41
	android:targetSdkVersion
		ADDED from [yunhuyundong_studiomain3_8_0626:PushSDK:unspecified] AndroidManifest.xml:10:9-38
	android:minSdkVersion
		ADDED from Desktop\yunhuyundong_studiomain3_8_0626\AndroidManifest.xml:8:15-41
uses-feature#android.hardware.camera
ADDED from Desktop\yunhuyundong_studiomain3_8_0626\AndroidManifest.xml:10:5-60
	android:name
		ADDED from Desktop\yunhuyundong_studiomain3_8_0626\AndroidManifest.xml:10:19-57
uses-permission#android.permission.WRITE_SETTINGS
ADDED from Desktop\yunhuyundong_studiomain3_8_0626\AndroidManifest.xml:12:5-73
	android:name
		ADDED from Desktop\yunhuyundong_studiomain3_8_0626\AndroidManifest.xml:12:22-70
uses-permission#com.android.launcher.permission.READ_SETTINGS
ADDED from Desktop\yunhuyundong_studiomain3_8_0626\AndroidManifest.xml:13:5-85
	android:name
		ADDED from Desktop\yunhuyundong_studiomain3_8_0626\AndroidManifest.xml:13:22-82
uses-permission#android.permission.ACCESS_LOCATION
ADDED from Desktop\yunhuyundong_studiomain3_8_0626\AndroidManifest.xml:14:5-74
	android:name
		ADDED from Desktop\yunhuyundong_studiomain3_8_0626\AndroidManifest.xml:14:22-71
uses-permission#android.permission.RECORD_AUDIO
ADDED from Desktop\yunhuyundong_studiomain3_8_0626\AndroidManifest.xml:15:5-71
	android:name
		ADDED from Desktop\yunhuyundong_studiomain3_8_0626\AndroidManifest.xml:15:22-68
uses-permission#android.permission.CAMERA
ADDED from Desktop\yunhuyundong_studiomain3_8_0626\AndroidManifest.xml:16:5-65
	android:name
		ADDED from Desktop\yunhuyundong_studiomain3_8_0626\AndroidManifest.xml:16:22-62
uses-permission#com.sonyericsson.permission.CAMERA_EXTENDED
ADDED from Desktop\yunhuyundong_studiomain3_8_0626\AndroidManifest.xml:17:5-83
	android:name
		ADDED from Desktop\yunhuyundong_studiomain3_8_0626\AndroidManifest.xml:17:22-80
uses-permission#android.permission.ACCESS_FINE_LOCATION
ADDED from Desktop\yunhuyundong_studiomain3_8_0626\AndroidManifest.xml:18:5-79
	android:name
		ADDED from Desktop\yunhuyundong_studiomain3_8_0626\AndroidManifest.xml:18:22-76
uses-permission#android.permission.ACCESS_NETWORK_STATE
ADDED from Desktop\yunhuyundong_studiomain3_8_0626\AndroidManifest.xml:19:5-79
MERGED from [yunhuyundong_studiomain3_8_0626:PushSDK:unspecified] AndroidManifest.xml:13:5-79
	android:name
		ADDED from Desktop\yunhuyundong_studiomain3_8_0626\AndroidManifest.xml:19:22-76
uses-permission#android.permission.ACCESS_COARSE_LOCATION
ADDED from Desktop\yunhuyundong_studiomain3_8_0626\AndroidManifest.xml:20:5-81
	android:name
		ADDED from Desktop\yunhuyundong_studiomain3_8_0626\AndroidManifest.xml:20:22-78
uses-permission#android.permission.WAKE_LOCK
ADDED from Desktop\yunhuyundong_studiomain3_8_0626\AndroidManifest.xml:21:5-68
MERGED from [yunhuyundong_studiomain3_8_0626:PushSDK:unspecified] AndroidManifest.xml:16:5-68
	android:name
		ADDED from Desktop\yunhuyundong_studiomain3_8_0626\AndroidManifest.xml:21:22-65
uses-permission#android.permission.WRITE_EXTERNAL_STORAGE
ADDED from Desktop\yunhuyundong_studiomain3_8_0626\AndroidManifest.xml:22:5-81
MERGED from [yunhuyundong_studiomain3_8_0626:PushSDK:unspecified] AndroidManifest.xml:15:5-81
	android:name
		ADDED from Desktop\yunhuyundong_studiomain3_8_0626\AndroidManifest.xml:22:22-78
uses-permission#android.permission.INTERNET
ADDED from Desktop\yunhuyundong_studiomain3_8_0626\AndroidManifest.xml:23:5-67
MERGED from [yunhuyundong_studiomain3_8_0626:PushSDK:unspecified] AndroidManifest.xml:12:5-67
	android:name
		ADDED from Desktop\yunhuyundong_studiomain3_8_0626\AndroidManifest.xml:23:22-64
uses-permission#android.permission.ACCESS_WIFI_STATE
ADDED from Desktop\yunhuyundong_studiomain3_8_0626\AndroidManifest.xml:24:5-76
MERGED from [yunhuyundong_studiomain3_8_0626:PushSDK:unspecified] AndroidManifest.xml:14:5-76
	android:name
		ADDED from Desktop\yunhuyundong_studiomain3_8_0626\AndroidManifest.xml:24:22-73
uses-permission#android.permission.CHANGE_WIFI_STATE
ADDED from Desktop\yunhuyundong_studiomain3_8_0626\AndroidManifest.xml:25:5-76
MERGED from [yunhuyundong_studiomain3_8_0626:PushSDK:unspecified] AndroidManifest.xml:26:5-76
	android:name
		ADDED from Desktop\yunhuyundong_studiomain3_8_0626\AndroidManifest.xml:25:22-73
uses-permission#android.permission.CHANGE_NETWORK_STATE
ADDED from Desktop\yunhuyundong_studiomain3_8_0626\AndroidManifest.xml:26:5-79
MERGED from [yunhuyundong_studiomain3_8_0626:PushSDK:unspecified] AndroidManifest.xml:25:5-79
	android:name
		ADDED from Desktop\yunhuyundong_studiomain3_8_0626\AndroidManifest.xml:26:22-76
uses-permission#android.permission.MOUNT_UNMOUNT_FILESYSTEMS
ADDED from Desktop\yunhuyundong_studiomain3_8_0626\AndroidManifest.xml:27:5-84
	android:name
		ADDED from Desktop\yunhuyundong_studiomain3_8_0626\AndroidManifest.xml:27:22-81
uses-permission#android.permission.READ_PHONE_STATE
ADDED from Desktop\yunhuyundong_studiomain3_8_0626\AndroidManifest.xml:28:5-75
MERGED from [yunhuyundong_studiomain3_8_0626:PushSDK:unspecified] AndroidManifest.xml:17:5-75
	android:name
		ADDED from Desktop\yunhuyundong_studiomain3_8_0626\AndroidManifest.xml:28:22-72
uses-permission#android.permission.SYSTEM_ALERT_WINDOW
ADDED from Desktop\yunhuyundong_studiomain3_8_0626\AndroidManifest.xml:29:5-78
	android:name
		ADDED from Desktop\yunhuyundong_studiomain3_8_0626\AndroidManifest.xml:29:22-75
uses-permission#android.permission.DISABLE_KEYGUARD
ADDED from Desktop\yunhuyundong_studiomain3_8_0626\AndroidManifest.xml:30:5-75
	android:name
		ADDED from Desktop\yunhuyundong_studiomain3_8_0626\AndroidManifest.xml:30:22-72
uses-permission#android.permission.GET_TASKS
ADDED from Desktop\yunhuyundong_studiomain3_8_0626\AndroidManifest.xml:31:5-68
MERGED from [yunhuyundong_studiomain3_8_0626:PushSDK:unspecified] AndroidManifest.xml:23:5-68
	android:name
		ADDED from Desktop\yunhuyundong_studiomain3_8_0626\AndroidManifest.xml:31:22-65
uses-permission#android.permission.READ_LOGS
ADDED from Desktop\yunhuyundong_studiomain3_8_0626\AndroidManifest.xml:32:5-68
	android:name
		ADDED from Desktop\yunhuyundong_studiomain3_8_0626\AndroidManifest.xml:32:22-65
uses-permission#android.permission.READ_EXTERNAL_STORAGE
ADDED from Desktop\yunhuyundong_studiomain3_8_0626\AndroidManifest.xml:33:5-80
	android:name
		ADDED from Desktop\yunhuyundong_studiomain3_8_0626\AndroidManifest.xml:33:22-77
uses-permission#android.permission.VIBRATE
ADDED from Desktop\yunhuyundong_studiomain3_8_0626\AndroidManifest.xml:34:5-66
	android:name
		ADDED from Desktop\yunhuyundong_studiomain3_8_0626\AndroidManifest.xml:34:22-63
uses-permission#com.android.launcher.permission.INSTALL_SHORTCUT
ADDED from Desktop\yunhuyundong_studiomain3_8_0626\AndroidManifest.xml:36:5-88
	android:name
		ADDED from Desktop\yunhuyundong_studiomain3_8_0626\AndroidManifest.xml:36:22-85
uses-permission#com.android.launcher.permission.UNINSTALL_SHORTCUT
ADDED from Desktop\yunhuyundong_studiomain3_8_0626\AndroidManifest.xml:37:5-90
	android:name
		ADDED from Desktop\yunhuyundong_studiomain3_8_0626\AndroidManifest.xml:37:22-87
uses-permission#android.permission.ACCESS_DOWNLOAD_MANAGER
ADDED from Desktop\yunhuyundong_studiomain3_8_0626\AndroidManifest.xml:38:5-82
	android:name
		ADDED from Desktop\yunhuyundong_studiomain3_8_0626\AndroidManifest.xml:38:22-79
uses-permission#android.permission.READ_CONTACTS
ADDED from Desktop\yunhuyundong_studiomain3_8_0626\AndroidManifest.xml:39:5-72
	android:name
		ADDED from Desktop\yunhuyundong_studiomain3_8_0626\AndroidManifest.xml:39:22-69
uses-permission#android.permission.READ_CONTACTS_CALLS
ADDED from Desktop\yunhuyundong_studiomain3_8_0626\AndroidManifest.xml:40:5-78
	android:name
		ADDED from Desktop\yunhuyundong_studiomain3_8_0626\AndroidManifest.xml:40:22-75
uses-permission#android.permission.READ_SMS
ADDED from Desktop\yunhuyundong_studiomain3_8_0626\AndroidManifest.xml:42:5-67
	android:name
		ADDED from Desktop\yunhuyundong_studiomain3_8_0626\AndroidManifest.xml:42:22-64
uses-permission#android.permission.RECEIVE_SMS
ADDED from Desktop\yunhuyundong_studiomain3_8_0626\AndroidManifest.xml:44:5-70
	android:name
		ADDED from Desktop\yunhuyundong_studiomain3_8_0626\AndroidManifest.xml:44:22-67
uses-permission#android.permission.RECEIVE_BOOT_COMPLETED
ADDED from Desktop\yunhuyundong_studiomain3_8_0626\AndroidManifest.xml:46:5-81
MERGED from [yunhuyundong_studiomain3_8_0626:PushSDK:unspecified] AndroidManifest.xml:24:5-81
	android:name
		ADDED from Desktop\yunhuyundong_studiomain3_8_0626\AndroidManifest.xml:46:22-78
uses-permission#android.permission.BLUETOOTH_ADMIN
ADDED from Desktop\yunhuyundong_studiomain3_8_0626\AndroidManifest.xml:47:5-74
	android:name
		ADDED from Desktop\yunhuyundong_studiomain3_8_0626\AndroidManifest.xml:47:22-71
uses-permission#android.permission.BLUETOOTH
ADDED from Desktop\yunhuyundong_studiomain3_8_0626\AndroidManifest.xml:48:5-68
	android:name
		ADDED from Desktop\yunhuyundong_studiomain3_8_0626\AndroidManifest.xml:48:22-65
uses-permission#com.android.email.permission.ACCESS_PROVIDER
ADDED from Desktop\yunhuyundong_studiomain3_8_0626\AndroidManifest.xml:49:5-84
	android:name
		ADDED from Desktop\yunhuyundong_studiomain3_8_0626\AndroidManifest.xml:49:22-81
uses-permission#android.permission.GET_ACCOUNTS
ADDED from Desktop\yunhuyundong_studiomain3_8_0626\AndroidManifest.xml:50:5-71
	android:name
		ADDED from Desktop\yunhuyundong_studiomain3_8_0626\AndroidManifest.xml:50:22-68
uses-permission#android.permission.MANAGE_ACCOUNTS
ADDED from Desktop\yunhuyundong_studiomain3_8_0626\AndroidManifest.xml:51:5-74
	android:name
		ADDED from Desktop\yunhuyundong_studiomain3_8_0626\AndroidManifest.xml:51:22-71
uses-permission#android.permission.READ_CALENDAR
ADDED from Desktop\yunhuyundong_studiomain3_8_0626\AndroidManifest.xml:52:5-72
	android:name
		ADDED from Desktop\yunhuyundong_studiomain3_8_0626\AndroidManifest.xml:52:22-69
uses-permission#android.permission.WRITE_CALENDAR
ADDED from Desktop\yunhuyundong_studiomain3_8_0626\AndroidManifest.xml:53:5-73
	android:name
		ADDED from Desktop\yunhuyundong_studiomain3_8_0626\AndroidManifest.xml:53:22-70
uses-permission#android.permission.PROCESS_OUTGOING_CALLS
ADDED from Desktop\yunhuyundong_studiomain3_8_0626\AndroidManifest.xml:54:5-81
	android:name
		ADDED from Desktop\yunhuyundong_studiomain3_8_0626\AndroidManifest.xml:54:22-78
uses-permission#android.permission.READ_CALL_LOG
ADDED from Desktop\yunhuyundong_studiomain3_8_0626\AndroidManifest.xml:55:5-72
	android:name
		ADDED from Desktop\yunhuyundong_studiomain3_8_0626\AndroidManifest.xml:55:22-69
uses-permission#android.permission.WRITE_CALL_LOG
ADDED from Desktop\yunhuyundong_studiomain3_8_0626\AndroidManifest.xml:56:5-73
	android:name
		ADDED from Desktop\yunhuyundong_studiomain3_8_0626\AndroidManifest.xml:56:22-70
uses-permission#android.permission.RECEIVE_WAP_PUSH
ADDED from Desktop\yunhuyundong_studiomain3_8_0626\AndroidManifest.xml:57:5-75
	android:name
		ADDED from Desktop\yunhuyundong_studiomain3_8_0626\AndroidManifest.xml:57:22-72
uses-permission#android.permission.WRITE_CONTACTS
ADDED from Desktop\yunhuyundong_studiomain3_8_0626\AndroidManifest.xml:58:5-73
	android:name
		ADDED from Desktop\yunhuyundong_studiomain3_8_0626\AndroidManifest.xml:58:22-70
uses-permission#android.permission.CHANGE_CONFIGURATION
ADDED from Desktop\yunhuyundong_studiomain3_8_0626\AndroidManifest.xml:59:5-79
	android:name
		ADDED from Desktop\yunhuyundong_studiomain3_8_0626\AndroidManifest.xml:59:22-76
uses-permission#android.permission.ACCESS_LOCATION_EXTRA_COMMANDS
ADDED from Desktop\yunhuyundong_studiomain3_8_0626\AndroidManifest.xml:60:5-89
	android:name
		ADDED from Desktop\yunhuyundong_studiomain3_8_0626\AndroidManifest.xml:60:22-86
uses-permission#android.permission.MODIFY_AUDIO_SETTINGS
ADDED from Desktop\yunhuyundong_studiomain3_8_0626\AndroidManifest.xml:63:5-80
	android:name
		ADDED from Desktop\yunhuyundong_studiomain3_8_0626\AndroidManifest.xml:63:22-77
uses-permission#android.permission.REORDER_TASKS
ADDED from Desktop\yunhuyundong_studiomain3_8_0626\AndroidManifest.xml:64:5-71
	android:name
		ADDED from Desktop\yunhuyundong_studiomain3_8_0626\AndroidManifest.xml:64:22-69
uses-permission#android.permission.INTERACT_ACROSS_USERS_FULL
ADDED from Desktop\yunhuyundong_studiomain3_8_0626\AndroidManifest.xml:65:5-84
	android:name
		ADDED from Desktop\yunhuyundong_studiomain3_8_0626\AndroidManifest.xml:65:22-82
uses-permission#android.permission.GET_TOP_ACTIVITY_INFO
ADDED from Desktop\yunhuyundong_studiomain3_8_0626\AndroidManifest.xml:66:5-79
	android:name
		ADDED from Desktop\yunhuyundong_studiomain3_8_0626\AndroidManifest.xml:66:22-77
uses-feature#android.hardware.camera.autofocus
ADDED from Desktop\yunhuyundong_studiomain3_8_0626\AndroidManifest.xml:69:5-70
	android:name
		ADDED from Desktop\yunhuyundong_studiomain3_8_0626\AndroidManifest.xml:69:19-67
supports-screens
ADDED from Desktop\yunhuyundong_studiomain3_8_0626\AndroidManifest.xml:71:5-75:39
	android:largeScreens
		ADDED from Desktop\yunhuyundong_studiomain3_8_0626\AndroidManifest.xml:73:9-36
	android:smallScreens
		ADDED from Desktop\yunhuyundong_studiomain3_8_0626\AndroidManifest.xml:75:9-36
	android:normalScreens
		ADDED from Desktop\yunhuyundong_studiomain3_8_0626\AndroidManifest.xml:74:9-37
	android:anyDensity
		ADDED from Desktop\yunhuyundong_studiomain3_8_0626\AndroidManifest.xml:72:9-34
application
ADDED from Desktop\yunhuyundong_studiomain3_8_0626\AndroidManifest.xml:77:5-899:19
MERGED from [yunhuyundong_studiomain3_8_0626:PushSDK:unspecified] AndroidManifest.xml:28:5-149:19
	android:label
		ADDED from Desktop\yunhuyundong_studiomain3_8_0626\AndroidManifest.xml:82:9-41
	android:exported
		ADDED from Desktop\yunhuyundong_studiomain3_8_0626\AndroidManifest.xml:80:9-32
	android:uiOptions
		ADDED from Desktop\yunhuyundong_studiomain3_8_0626\AndroidManifest.xml:86:9-53
	android:allowBackup
		ADDED from Desktop\yunhuyundong_studiomain3_8_0626\AndroidManifest.xml:79:9-35
	android:icon
		ADDED from Desktop\yunhuyundong_studiomain3_8_0626\AndroidManifest.xml:81:9-38
	android:largeHeap
		ADDED from Desktop\yunhuyundong_studiomain3_8_0626\AndroidManifest.xml:83:9-33
	android:persistent
		ADDED from Desktop\yunhuyundong_studiomain3_8_0626\AndroidManifest.xml:84:9-34
	android:theme
		ADDED from Desktop\yunhuyundong_studiomain3_8_0626\AndroidManifest.xml:85:9-40
	tools:replace
		ADDED from [yunhuyundong_studiomain3_8_0626:PushSDK:unspecified] AndroidManifest.xml:30:9-44
	android:name
		ADDED from Desktop\yunhuyundong_studiomain3_8_0626\AndroidManifest.xml:78:9-56
activity#com.fox.exercise.login.SportMain
ADDED from Desktop\yunhuyundong_studiomain3_8_0626\AndroidManifest.xml:88:9-93:69
	android:screenOrientation
		ADDED from Desktop\yunhuyundong_studiomain3_8_0626\AndroidManifest.xml:92:13-49
	android:launchMode
		ADDED from Desktop\yunhuyundong_studiomain3_8_0626\AndroidManifest.xml:91:13-44
	android:configChanges
		ADDED from Desktop\yunhuyundong_studiomain3_8_0626\AndroidManifest.xml:90:13-74
	android:uiOptions
		ADDED from Desktop\yunhuyundong_studiomain3_8_0626\AndroidManifest.xml:93:13-57
	android:name
		ADDED from Desktop\yunhuyundong_studiomain3_8_0626\AndroidManifest.xml:89:13-60
activity#com.fox.exercise.ShareToXinlangWeibo
ADDED from Desktop\yunhuyundong_studiomain3_8_0626\AndroidManifest.xml:94:9-105:20
	android:screenOrientation
		ADDED from Desktop\yunhuyundong_studiomain3_8_0626\AndroidManifest.xml:97:13-49
	android:launchMode
		ADDED from Desktop\yunhuyundong_studiomain3_8_0626\AndroidManifest.xml:96:13-44
	android:uiOptions
		ADDED from Desktop\yunhuyundong_studiomain3_8_0626\AndroidManifest.xml:98:13-57
	android:name
		ADDED from Desktop\yunhuyundong_studiomain3_8_0626\AndroidManifest.xml:95:13-64
intent-filter#android.intent.action.VIEW+android.intent.category.BROWSABLE+android.intent.category.DEFAULT
ADDED from Desktop\yunhuyundong_studiomain3_8_0626\AndroidManifest.xml:99:13-104:29
action#android.intent.action.VIEW
ADDED from Desktop\yunhuyundong_studiomain3_8_0626\AndroidManifest.xml:100:17-69
	android:name
		ADDED from Desktop\yunhuyundong_studiomain3_8_0626\AndroidManifest.xml:100:25-66
category#android.intent.category.DEFAULT
ADDED from Desktop\yunhuyundong_studiomain3_8_0626\AndroidManifest.xml:102:17-76
	android:name
		ADDED from Desktop\yunhuyundong_studiomain3_8_0626\AndroidManifest.xml:102:27-73
category#android.intent.category.BROWSABLE
ADDED from Desktop\yunhuyundong_studiomain3_8_0626\AndroidManifest.xml:103:17-78
	android:name
		ADDED from Desktop\yunhuyundong_studiomain3_8_0626\AndroidManifest.xml:103:27-75
activity#com.fox.exercise.publish.PhotoActivity
ADDED from Desktop\yunhuyundong_studiomain3_8_0626\AndroidManifest.xml:106:9-108:69
	android:uiOptions
		ADDED from Desktop\yunhuyundong_studiomain3_8_0626\AndroidManifest.xml:108:13-57
	android:name
		ADDED from Desktop\yunhuyundong_studiomain3_8_0626\AndroidManifest.xml:107:13-66
activity#com.fox.exercise.ShareToTencentWeibo
ADDED from Desktop\yunhuyundong_studiomain3_8_0626\AndroidManifest.xml:109:9-120:20
	android:screenOrientation
		ADDED from Desktop\yunhuyundong_studiomain3_8_0626\AndroidManifest.xml:112:13-49
	android:launchMode
		ADDED from Desktop\yunhuyundong_studiomain3_8_0626\AndroidManifest.xml:111:13-44
	android:uiOptions
		ADDED from Desktop\yunhuyundong_studiomain3_8_0626\AndroidManifest.xml:113:13-57
	android:name
		ADDED from Desktop\yunhuyundong_studiomain3_8_0626\AndroidManifest.xml:110:13-64
activity#com.fox.exercise.ShareToQQzone
ADDED from Desktop\yunhuyundong_studiomain3_8_0626\AndroidManifest.xml:121:9-132:20
	android:screenOrientation
		ADDED from Desktop\yunhuyundong_studiomain3_8_0626\AndroidManifest.xml:124:13-49
	android:launchMode
		ADDED from Desktop\yunhuyundong_studiomain3_8_0626\AndroidManifest.xml:123:13-44
	android:uiOptions
		ADDED from Desktop\yunhuyundong_studiomain3_8_0626\AndroidManifest.xml:125:13-57
	android:name
		ADDED from Desktop\yunhuyundong_studiomain3_8_0626\AndroidManifest.xml:122:13-58
activity#com.fox.exercise.wxapi.WXEntryActivity
ADDED from Desktop\yunhuyundong_studiomain3_8_0626\AndroidManifest.xml:133:9-136:69
	android:exported
		ADDED from Desktop\yunhuyundong_studiomain3_8_0626\AndroidManifest.xml:135:13-36
	android:uiOptions
		ADDED from Desktop\yunhuyundong_studiomain3_8_0626\AndroidManifest.xml:136:13-57
	android:name
		ADDED from Desktop\yunhuyundong_studiomain3_8_0626\AndroidManifest.xml:134:13-66
activity#com.fox.exercise.wxapi.WXPayEntryActivity
ADDED from Desktop\yunhuyundong_studiomain3_8_0626\AndroidManifest.xml:137:9-140:46
	android:launchMode
		ADDED from Desktop\yunhuyundong_studiomain3_8_0626\AndroidManifest.xml:140:13-43
	android:exported
		ADDED from Desktop\yunhuyundong_studiomain3_8_0626\AndroidManifest.xml:139:13-36
	android:name
		ADDED from Desktop\yunhuyundong_studiomain3_8_0626\AndroidManifest.xml:138:13-69
activity#com.fox.exercise.XinlangWebViewActivity
ADDED from Desktop\yunhuyundong_studiomain3_8_0626\AndroidManifest.xml:141:9-146:64
	android:screenOrientation
		ADDED from Desktop\yunhuyundong_studiomain3_8_0626\AndroidManifest.xml:145:13-49
	android:label
		ADDED from Desktop\yunhuyundong_studiomain3_8_0626\AndroidManifest.xml:144:13-45
	android:windowSoftInputMode
		ADDED from Desktop\yunhuyundong_studiomain3_8_0626\AndroidManifest.xml:146:13-52
	android:configChanges
		ADDED from Desktop\yunhuyundong_studiomain3_8_0626\AndroidManifest.xml:143:13-63
	android:name
		ADDED from Desktop\yunhuyundong_studiomain3_8_0626\AndroidManifest.xml:142:13-67
activity#com.fox.exercise.Settings
ADDED from Desktop\yunhuyundong_studiomain3_8_0626\AndroidManifest.xml:147:9-166:20
	android:screenOrientation
		ADDED from Desktop\yunhuyundong_studiomain3_8_0626\AndroidManifest.xml:149:13-49
	android:uiOptions
		ADDED from Desktop\yunhuyundong_studiomain3_8_0626\AndroidManifest.xml:150:13-57
	android:name
		ADDED from Desktop\yunhuyundong_studiomain3_8_0626\AndroidManifest.xml:148:13-53
intent-filter#android.intent.action.MAIN+android.intent.category.DEFAULT
ADDED from Desktop\yunhuyundong_studiomain3_8_0626\AndroidManifest.xml:151:13-155:29
action#android.intent.action.MAIN
ADDED from Desktop\yunhuyundong_studiomain3_8_0626\AndroidManifest.xml:152:17-69
	android:name
		ADDED from Desktop\yunhuyundong_studiomain3_8_0626\AndroidManifest.xml:152:25-66
activity#com.fox.exercise.login.JDAuthActivity
ADDED from Desktop\yunhuyundong_studiomain3_8_0626\AndroidManifest.xml:167:9-74
	android:name
		ADDED from Desktop\yunhuyundong_studiomain3_8_0626\AndroidManifest.xml:167:19-71
activity#com.fox.exercise.login.TencentAuthorizeActivity
ADDED from Desktop\yunhuyundong_studiomain3_8_0626\AndroidManifest.xml:168:9-172:61
	android:screenOrientation
		ADDED from Desktop\yunhuyundong_studiomain3_8_0626\AndroidManifest.xml:172:13-49
	android:label
		ADDED from Desktop\yunhuyundong_studiomain3_8_0626\AndroidManifest.xml:171:13-45
	android:configChanges
		ADDED from Desktop\yunhuyundong_studiomain3_8_0626\AndroidManifest.xml:170:13-63
	android:name
		ADDED from Desktop\yunhuyundong_studiomain3_8_0626\AndroidManifest.xml:169:13-75
activity#com.tencent.tauth.AuthActivity
ADDED from Desktop\yunhuyundong_studiomain3_8_0626\AndroidManifest.xml:173:9-186:20
	android:launchMode
		ADDED from Desktop\yunhuyundong_studiomain3_8_0626\AndroidManifest.xml:175:13-44
	android:noHistory
		ADDED from Desktop\yunhuyundong_studiomain3_8_0626\AndroidManifest.xml:176:13-37
	android:name
		ADDED from Desktop\yunhuyundong_studiomain3_8_0626\AndroidManifest.xml:174:13-58
activity#com.tencent.connect.common.AssistActivity
ADDED from Desktop\yunhuyundong_studiomain3_8_0626\AndroidManifest.xml:187:9-189:76
	android:configChanges
		ADDED from Desktop\yunhuyundong_studiomain3_8_0626\AndroidManifest.xml:189:13-74
	android:theme
		ADDED from Desktop\yunhuyundong_studiomain3_8_0626\AndroidManifest.xml:188:13-72
	android:name
		ADDED from Desktop\yunhuyundong_studiomain3_8_0626\AndroidManifest.xml:187:19-75
activity#com.fox.exercise.login.LoginActivity
ADDED from Desktop\yunhuyundong_studiomain3_8_0626\AndroidManifest.xml:190:9-199:20
	android:screenOrientation
		ADDED from Desktop\yunhuyundong_studiomain3_8_0626\AndroidManifest.xml:192:13-49
	android:uiOptions
		ADDED from Desktop\yunhuyundong_studiomain3_8_0626\AndroidManifest.xml:193:13-57
	android:name
		ADDED from Desktop\yunhuyundong_studiomain3_8_0626\AndroidManifest.xml:191:13-64
intent-filter#android.intent.action.MAIN+android.intent.category.LAUNCHER
ADDED from Desktop\yunhuyundong_studiomain3_8_0626\AndroidManifest.xml:194:13-198:29
category#android.intent.category.LAUNCHER
ADDED from Desktop\yunhuyundong_studiomain3_8_0626\AndroidManifest.xml:197:17-77
	android:name
		ADDED from Desktop\yunhuyundong_studiomain3_8_0626\AndroidManifest.xml:197:27-74
activity#com.fox.exercise.login.FirstLoginView
ADDED from Desktop\yunhuyundong_studiomain3_8_0626\AndroidManifest.xml:200:9-203:69
	android:screenOrientation
		ADDED from Desktop\yunhuyundong_studiomain3_8_0626\AndroidManifest.xml:202:13-49
	android:uiOptions
		ADDED from Desktop\yunhuyundong_studiomain3_8_0626\AndroidManifest.xml:203:13-57
	android:name
		ADDED from Desktop\yunhuyundong_studiomain3_8_0626\AndroidManifest.xml:201:13-65
activity#com.fox.exercise.login.SplashScreenActivity
ADDED from Desktop\yunhuyundong_studiomain3_8_0626\AndroidManifest.xml:204:9-207:69
	android:screenOrientation
		ADDED from Desktop\yunhuyundong_studiomain3_8_0626\AndroidManifest.xml:206:13-49
	android:uiOptions
		ADDED from Desktop\yunhuyundong_studiomain3_8_0626\AndroidManifest.xml:207:13-57
	android:name
		ADDED from Desktop\yunhuyundong_studiomain3_8_0626\AndroidManifest.xml:205:13-71
activity#com.fox.exercise.login.AdShowActivity
ADDED from Desktop\yunhuyundong_studiomain3_8_0626\AndroidManifest.xml:208:9-211:69
	android:screenOrientation
		ADDED from Desktop\yunhuyundong_studiomain3_8_0626\AndroidManifest.xml:210:13-49
	android:uiOptions
		ADDED from Desktop\yunhuyundong_studiomain3_8_0626\AndroidManifest.xml:211:13-57
	android:name
		ADDED from Desktop\yunhuyundong_studiomain3_8_0626\AndroidManifest.xml:209:13-65
activity#com.fox.exercise.login.ModifyPwdActivity
ADDED from Desktop\yunhuyundong_studiomain3_8_0626\AndroidManifest.xml:212:9-215:69
	android:screenOrientation
		ADDED from Desktop\yunhuyundong_studiomain3_8_0626\AndroidManifest.xml:214:13-49
	android:uiOptions
		ADDED from Desktop\yunhuyundong_studiomain3_8_0626\AndroidManifest.xml:215:13-57
	android:name
		ADDED from Desktop\yunhuyundong_studiomain3_8_0626\AndroidManifest.xml:213:13-68
activity#com.fox.exercise.login.UserEditActivity
ADDED from Desktop\yunhuyundong_studiomain3_8_0626\AndroidManifest.xml:216:9-219:64
	android:screenOrientation
		ADDED from Desktop\yunhuyundong_studiomain3_8_0626\AndroidManifest.xml:218:13-49
	android:windowSoftInputMode
		ADDED from Desktop\yunhuyundong_studiomain3_8_0626\AndroidManifest.xml:219:13-52
	android:name
		ADDED from Desktop\yunhuyundong_studiomain3_8_0626\AndroidManifest.xml:217:13-67
activity#com.fox.exercise.login.RegistActivity
ADDED from Desktop\yunhuyundong_studiomain3_8_0626\AndroidManifest.xml:220:9-224:66
	android:screenOrientation
		ADDED from Desktop\yunhuyundong_studiomain3_8_0626\AndroidManifest.xml:222:13-49
	android:windowSoftInputMode
		ADDED from Desktop\yunhuyundong_studiomain3_8_0626\AndroidManifest.xml:224:13-54
	android:uiOptions
		ADDED from Desktop\yunhuyundong_studiomain3_8_0626\AndroidManifest.xml:223:13-57
	android:name
		ADDED from Desktop\yunhuyundong_studiomain3_8_0626\AndroidManifest.xml:221:13-65
activity#com.fox.exercise.login.ForgetPwdActivity
ADDED from Desktop\yunhuyundong_studiomain3_8_0626\AndroidManifest.xml:225:9-228:69
	android:screenOrientation
		ADDED from Desktop\yunhuyundong_studiomain3_8_0626\AndroidManifest.xml:227:13-49
	android:uiOptions
		ADDED from Desktop\yunhuyundong_studiomain3_8_0626\AndroidManifest.xml:228:13-57
	android:name
		ADDED from Desktop\yunhuyundong_studiomain3_8_0626\AndroidManifest.xml:226:13-68
activity#com.fox.exercise.BuildRunCircle
ADDED from Desktop\yunhuyundong_studiomain3_8_0626\AndroidManifest.xml:229:9-232:64
	android:screenOrientation
		ADDED from Desktop\yunhuyundong_studiomain3_8_0626\AndroidManifest.xml:231:13-49
	android:windowSoftInputMode
		ADDED from Desktop\yunhuyundong_studiomain3_8_0626\AndroidManifest.xml:232:13-52
	android:name
		ADDED from Desktop\yunhuyundong_studiomain3_8_0626\AndroidManifest.xml:230:13-59
activity#com.fox.exercise.FindFriendsSendMsg
ADDED from Desktop\yunhuyundong_studiomain3_8_0626\AndroidManifest.xml:233:9-237:64
	android:screenOrientation
		ADDED from Desktop\yunhuyundong_studiomain3_8_0626\AndroidManifest.xml:236:13-49
	android:launchMode
		ADDED from Desktop\yunhuyundong_studiomain3_8_0626\AndroidManifest.xml:235:13-44
	android:windowSoftInputMode
		ADDED from Desktop\yunhuyundong_studiomain3_8_0626\AndroidManifest.xml:237:13-52
	android:name
		ADDED from Desktop\yunhuyundong_studiomain3_8_0626\AndroidManifest.xml:234:13-63
activity#com.fox.exercise.publish.TestPicActivity
ADDED from Desktop\yunhuyundong_studiomain3_8_0626\AndroidManifest.xml:238:9-240:69
	android:uiOptions
		ADDED from Desktop\yunhuyundong_studiomain3_8_0626\AndroidManifest.xml:240:13-57
	android:name
		ADDED from Desktop\yunhuyundong_studiomain3_8_0626\AndroidManifest.xml:239:13-68
activity#com.example.xinlv.Xinlvcount
ADDED from Desktop\yunhuyundong_studiomain3_8_0626\AndroidManifest.xml:241:9-244:61
	android:screenOrientation
		ADDED from Desktop\yunhuyundong_studiomain3_8_0626\AndroidManifest.xml:244:13-49
	android:configChanges
		ADDED from Desktop\yunhuyundong_studiomain3_8_0626\AndroidManifest.xml:243:13-63
	android:name
		ADDED from Desktop\yunhuyundong_studiomain3_8_0626\AndroidManifest.xml:242:13-56
service#com.fox.exercise.pedometer.StepService
ADDED from Desktop\yunhuyundong_studiomain3_8_0626\AndroidManifest.xml:246:9-252:19
	android:exported
		ADDED from Desktop\yunhuyundong_studiomain3_8_0626\AndroidManifest.xml:248:13-37
	android:name
		ADDED from Desktop\yunhuyundong_studiomain3_8_0626\AndroidManifest.xml:247:13-66
intent-filter#com.fox.exercise.pedometer.STEPSERVICE
ADDED from Desktop\yunhuyundong_studiomain3_8_0626\AndroidManifest.xml:249:13-251:29
	android:priority
		ADDED from Desktop\yunhuyundong_studiomain3_8_0626\AndroidManifest.xml:249:28-51
action#com.fox.exercise.pedometer.STEPSERVICE
ADDED from Desktop\yunhuyundong_studiomain3_8_0626\AndroidManifest.xml:250:17-81
	android:name
		ADDED from Desktop\yunhuyundong_studiomain3_8_0626\AndroidManifest.xml:250:25-78
service#com.fox.exercise.newversion.FirstStepService
ADDED from Desktop\yunhuyundong_studiomain3_8_0626\AndroidManifest.xml:253:9-259:19
	android:exported